<?xml version="1.0" encoding="UTF-8"?>
<!-- Generated by org.testng.reporters.JUnitReportReporter -->
<testsuite hostname="DESKTOP-PROHIKJ" failures="0" tests="1" name="tests.Tests" time="57.209" errors="0" timestamp="28 May 2024 12:33:32 GMT" skipped="0">
  <testcase classname="tests.Tests" name="LoginwithExistinguser" time="57.209"/>
</testsuite> <!-- tests.Tests -->
